Unity Editor version:    2020.3.31f1 (6b54b7616050)
Branch:                  2020.3/release
Build type:              Release
Batch mode:              YES
macOS version:           Version 11.6.5 (Build 20G527)
Darwin version:          20.6.0
Architecture:            x86_64
Running under Rosetta:   NO
Available memory:        8192 MB
Using pre-set license
Pro License: NO

COMMAND LINE ARGUMENTS:
/Applications/Unity/Hub/Editor/2020.3.31f1/Unity.app/Contents/MacOS/Unity
-adb2
-batchMode
-noUpm
-name
AssetImportWorker0
-projectPath
/Users/joaolopes/Desktop/Programação I/Projeto_final_Prog_1
-logFile
Logs/AssetImportWorker0.log
-srvPort
64459
Successfully changed project path to: /Users/joaolopes/Desktop/Programação I/Projeto_final_Prog_1
/Users/joaolopes/Desktop/Programação I/Projeto_final_Prog_1
Using Asset Import Pipeline V2.
Refreshing native plugins compatible for Editor in 195.00 ms, found 2 plugins.
Preloading 0 native plugins for Editor in 0.00 ms.
Initialize engine version: 2020.3.31f1 (6b54b7616050)
[Subsystems] Discovering subsystems at path /Applications/Unity/Hub/Editor/2020.3.31f1/Unity.app/Contents/Resources/UnitySubsystems
[Subsystems] Discovering subsystems at path /Users/joaolopes/Desktop/Programação I/Projeto_final_Prog_1/Assets
GfxDevice: creating device client; threaded=0
2022-06-06 11:19:44.089 Unity[17962:569769] Color LCD preferred device: Intel HD Graphics 5000 (low power)
2022-06-06 11:19:44.089 Unity[17962:569769] Metal devices available: 1
2022-06-06 11:19:44.089 Unity[17962:569769] 0: Intel HD Graphics 5000 (low power)
2022-06-06 11:19:44.090 Unity[17962:569769] Using device Intel HD Graphics 5000 (low power)
Initializing Metal device caps: Intel HD Graphics 5000
Initialize mono
Mono path[0] = '/Applications/Unity/Hub/Editor/2020.3.31f1/Unity.app/Contents/Managed'
Mono path[1] = '/Applications/Unity/Hub/Editor/2020.3.31f1/Unity.app/Contents/MonoBleedingEdge/lib/mono/unityjit'
Mono config path = '/Applications/Unity/Hub/Editor/2020.3.31f1/Unity.app/Contents/MonoBleedingEdge/etc'
Using monoOptions --debugger-agent=transport=dt_socket,embedding=1,server=y,suspend=n,address=127.0.0.1:56962
Begin MonoManager ReloadAssembly
Registering precompiled unity dll's ...
Register platform support module: /Applications/Unity/Hub/Editor/2020.3.31f1/PlaybackEngines/WebGLSupport/UnityEditor.WebGL.Extensions.dll
Register platform support module: /Applications/Unity/Hub/Editor/2020.3.31f1/Unity.app/Contents/PlaybackEngines/MacStandaloneSupport/UnityEditor.OSXStandalone.Extensions.dll
Registered in 0.001841 seconds.
Native extension for OSXStandalone target not found
Native extension for WebGL target not found
Refreshing native plugins compatible for Editor in 440.99 ms, found 2 plugins.
Preloading 0 native plugins for Editor in 0.00 ms.
Mono: successfully reloaded assembly
- Completed reload, in  4.932 seconds
Domain Reload Profiling:
	ReloadAssembly (4933ms)
		BeginReloadAssembly (175ms)
			ExecutionOrderSort (0ms)
			DisableScriptedObjects (0ms)
			BackupInstance (0ms)
			ReleaseScriptingObjects (0ms)
			CreateAndSetChildDomain (2ms)
		EndReloadAssembly (4425ms)
			LoadAssemblies (173ms)
			RebuildTransferFunctionScriptingTraits (0ms)
			SetupTypeCache (1201ms)
			ReleaseScriptCaches (0ms)
			RebuildScriptCaches (419ms)
			SetupLoadedEditorAssemblies (2094ms)
				LogAssemblyErrors (0ms)
				InitializePlatformSupportModulesInManaged (40ms)
				SetLoadedEditorAssemblies (55ms)
				RefreshPlugins (441ms)
				BeforeProcessingInitializeOnLoad (298ms)
				ProcessInitializeOnLoadAttributes (1022ms)
				ProcessInitializeOnLoadMethodAttributes (237ms)
				AfterProcessingInitializeOnLoad (0ms)
				EditorAssembliesLoaded (1ms)
			ExecutionOrderSort2 (0ms)
			AwakeInstancesAfterBackupRestoration (0ms)
Platform modules already initialized, skipping
Registering precompiled user dll's ...
Registered in 0.107986 seconds.
Begin MonoManager ReloadAssembly
Native extension for OSXStandalone target not found
Native extension for WebGL target not found
Refreshing native plugins compatible for Editor in 163.51 ms, found 2 plugins.
Preloading 0 native plugins for Editor in 0.00 ms.
Mono: successfully reloaded assembly
- Completed reload, in  4.394 seconds
Domain Reload Profiling:
	ReloadAssembly (4397ms)
		BeginReloadAssembly (519ms)
			ExecutionOrderSort (0ms)
			DisableScriptedObjects (14ms)
			BackupInstance (0ms)
			ReleaseScriptingObjects (0ms)
			CreateAndSetChildDomain (125ms)
		EndReloadAssembly (3670ms)
			LoadAssemblies (355ms)
			RebuildTransferFunctionScriptingTraits (0ms)
			SetupTypeCache (1396ms)
			ReleaseScriptCaches (1ms)
			RebuildScriptCaches (237ms)
			SetupLoadedEditorAssemblies (1248ms)
				LogAssemblyErrors (0ms)
				InitializePlatformSupportModulesInManaged (12ms)
				SetLoadedEditorAssemblies (1ms)
				RefreshPlugins (164ms)
				BeforeProcessingInitializeOnLoad (320ms)
				ProcessInitializeOnLoadAttributes (717ms)
				ProcessInitializeOnLoadMethodAttributes (31ms)
				AfterProcessingInitializeOnLoad (3ms)
				EditorAssembliesLoaded (1ms)
			ExecutionOrderSort2 (0ms)
			AwakeInstancesAfterBackupRestoration (18ms)
Platform modules already initialized, skipping
Validating Project structure ... 0.011091 seconds.
Shader import version has changed; will reimport all shaders...
Upgrading shader files ...0.006715 seconds.
Application.AssetDatabase Initial Script Refresh Start
RefreshInfo: InitialScriptRefreshV2(NoUpdateAssetOptions) scanfilter:  ... 1 filters
RefreshProfiler: Total: 0.000ms
Application.AssetDatabase Initial Script Refresh End
Application.AssetDatabase.Refresh Start
Application.AssetDatabase.Refresh End
RefreshInfo: StopAssetImportingV2(ForceSynchronousImport) scanfilter: 
RefreshProfiler: Total: 0.000ms
Launching external process: /Applications/Unity/Hub/Editor/2020.3.31f1/Unity.app/Contents/Tools/UnityShaderCompiler
Launched and connected shader compiler UnityShaderCompiler after 0.03 seconds
Initializing Unity extensions:
========================================================================
Worker process is ready to serve import requests
Refreshing native plugins compatible for Editor in 1.37 ms, found 2 plugins.
Preloading 0 native plugins for Editor in 0.00 ms.
Unloading 2820 Unused Serialized files (Serialized files now loaded: 0)
System memory in use before: 245.2 MB.
System memory in use after: 245.0 MB.

Unloading 116 unused Assets to reduce memory usage. Loaded Objects now: 3292.
Total: 8.515182 ms (FindLiveObjects: 0.318164 ms CreateObjectMapping: 0.174201 ms MarkObjects: 7.478370 ms  DeleteObjects: 0.542383 ms)

AssetImportParameters requested are different than current active one (requested -> active):
  custom:video-decoder-ogg-theora: a1e56fd34408186e4bbccfd4996cb3dc -> 
  custom:container-muxer-webm: aa71ff27fc2769a1b78a27578f13a17b -> 
  custom:container-demuxer-webm: 4f35f7cbe854078d1ac9338744f61a02 -> 
  custom:container-demuxer-ogg: 62fdf1f143b41e24485cea50d1cbac27 -> 
  custom:video-encoder-webm-vp8: eb34c28f22e8b96e1ab97ce403110664 -> 
  custom:framework-osx-AVFoundation: e770b220cccbd017edd2c1fefb359320 -> 
  custom:video-decoder-webm-vp8: 9c59270c3fd7afecdb556c50c9e8de78 -> 
  custom:audio-decoder-ogg-vorbis: bf7c407c2cedff20999df2af8eb42d56 -> 
  custom:audio-encoder-webm-vorbis: bf7c407c2cedff20999df2af8eb42d56 -> 
========================================================================
Received Import Request.
  path: Assets/Materials/Skybox_Mat.mat
  artifactKey: Guid(0ffaa0b7117ba8c47a9d05ae701d4b4d) Importer(815301076,1909f56bfc062723c751e8b465ee728b)
Start importing Assets/Materials/Skybox_Mat.mat using Guid(0ffaa0b7117ba8c47a9d05ae701d4b4d) Importer(815301076,1909f56bfc062723c751e8b465ee728b)  -> (artifact id: '4d54ab3375f41efad00566dcae11def2') in 2.695722 seconds 
========================================================================
Received Import Request.
  Time since last request: 0.000445 seconds.
  path: Assets/Presets/AudioStreaming.preset
  artifactKey: Guid(86bcce7f5575b54408aa0f3a7d321039) Importer(815301076,1909f56bfc062723c751e8b465ee728b)
Start importing Assets/Presets/AudioStreaming.preset using Guid(86bcce7f5575b54408aa0f3a7d321039) Importer(815301076,1909f56bfc062723c751e8b465ee728b)  -> (artifact id: '9982fbd60bc57b892b2c54d34a0163c0') in 0.751568 seconds 
========================================================================
Received Import Request.
  Time since last request: 0.000423 seconds.
  path: Assets/Presets/AudioCompressedInMemory.preset
  artifactKey: Guid(2dd802e4d37c65149922028d3e973832) Importer(815301076,1909f56bfc062723c751e8b465ee728b)
Start importing Assets/Presets/AudioCompressedInMemory.preset using Guid(2dd802e4d37c65149922028d3e973832) Importer(815301076,1909f56bfc062723c751e8b465ee728b)  -> (artifact id: 'ac4de02398cfe62c06251b0f50233ebf') in 0.009275 seconds 
========================================================================
Received Import Request.
  Time since last request: 0.000402 seconds.
  path: Assets/Presets/NormalTexture.preset
  artifactKey: Guid(14a57cf3b9fa1c74b884aa7e0dcf1faa) Importer(815301076,1909f56bfc062723c751e8b465ee728b)
Start importing Assets/Presets/NormalTexture.preset using Guid(14a57cf3b9fa1c74b884aa7e0dcf1faa) Importer(815301076,1909f56bfc062723c751e8b465ee728b)  -> (artifact id: '9c195482fc53bc4f53f643643f636469') in 0.013620 seconds 
========================================================================
Received Import Request.
  Time since last request: 0.000408 seconds.
  path: Assets/Presets/UtilityTexture.preset
  artifactKey: Guid(45f7b2e3c78185248b3adbb14429c2ab) Importer(815301076,1909f56bfc062723c751e8b465ee728b)
Start importing Assets/Presets/UtilityTexture.preset using Guid(45f7b2e3c78185248b3adbb14429c2ab) Importer(815301076,1909f56bfc062723c751e8b465ee728b)  -> (artifact id: 'ab9c1faeeb59b745cafa0ae79c874a42') in 0.012490 seconds 
========================================================================
Received Prepare
Registering precompiled user dll's ...
Registered in 0.003199 seconds.
Begin MonoManager ReloadAssembly
Native extension for OSXStandalone target not found
Native extension for WebGL target not found
Refreshing native plugins compatible for Editor in 0.80 ms, found 2 plugins.
Preloading 0 native plugins for Editor in 0.00 ms.
Mono: successfully reloaded assembly
- Completed reload, in  2.573 seconds
Domain Reload Profiling:
	ReloadAssembly (2574ms)
		BeginReloadAssembly (303ms)
			ExecutionOrderSort (0ms)
			DisableScriptedObjects (24ms)
			BackupInstance (0ms)
			ReleaseScriptingObjects (0ms)
			CreateAndSetChildDomain (145ms)
		EndReloadAssembly (2147ms)
			LoadAssemblies (154ms)
			RebuildTransferFunctionScriptingTraits (0ms)
			SetupTypeCache (741ms)
			ReleaseScriptCaches (2ms)
			RebuildScriptCaches (100ms)
			SetupLoadedEditorAssemblies (740ms)
				LogAssemblyErrors (0ms)
				InitializePlatformSupportModulesInManaged (8ms)
				SetLoadedEditorAssemblies (1ms)
				RefreshPlugins (1ms)
				BeforeProcessingInitializeOnLoad (250ms)
				ProcessInitializeOnLoadAttributes (455ms)
				ProcessInitializeOnLoadMethodAttributes (21ms)
				AfterProcessingInitializeOnLoad (3ms)
				EditorAssembliesLoaded (0ms)
			ExecutionOrderSort2 (0ms)
			AwakeInstancesAfterBackupRestoration (39ms)
Platform modules already initialized, skipping
Refreshing native plugins compatible for Editor in 0.77 ms, found 2 plugins.
Preloading 0 native plugins for Editor in 0.00 ms.
Unloading 2701 Unused Serialized files (Serialized files now loaded: 0)
System memory in use before: 250.8 MB.
System memory in use after: 251.0 MB.

Unloading 15 unused Assets to reduce memory usage. Loaded Objects now: 3371.
Total: 5.576117 ms (FindLiveObjects: 0.357821 ms CreateObjectMapping: 0.163259 ms MarkObjects: 5.010487 ms  DeleteObjects: 0.043160 ms)

AssetImportParameters requested are different than current active one (requested -> active):
  custom:video-decoder-ogg-theora: a1e56fd34408186e4bbccfd4996cb3dc -> 
  custom:container-muxer-webm: aa71ff27fc2769a1b78a27578f13a17b -> 
  custom:container-demuxer-webm: 4f35f7cbe854078d1ac9338744f61a02 -> 
  custom:container-demuxer-ogg: 62fdf1f143b41e24485cea50d1cbac27 -> 
  custom:video-encoder-webm-vp8: eb34c28f22e8b96e1ab97ce403110664 -> 
  custom:framework-osx-AVFoundation: e770b220cccbd017edd2c1fefb359320 -> 
  custom:video-decoder-webm-vp8: 9c59270c3fd7afecdb556c50c9e8de78 -> 
  custom:audio-decoder-ogg-vorbis: bf7c407c2cedff20999df2af8eb42d56 -> 
  custom:audio-encoder-webm-vorbis: bf7c407c2cedff20999df2af8eb42d56 -> 
========================================================================
Received Import Request.
  Time since last request: 12.942279 seconds.
  path: Assets/Readme.asset
  artifactKey: Guid(83c2ed844a8c74b779a4c823d16594b1) Importer(815301076,1909f56bfc062723c751e8b465ee728b)
Start importing Assets/Readme.asset using Guid(83c2ed844a8c74b779a4c823d16594b1) Importer(815301076,1909f56bfc062723c751e8b465ee728b)  -> (artifact id: '8ffd2c44ffeb50c574abb5d0c4453328') in 0.272623 seconds 
========================================================================
Received Import Request.
  Time since last request: 3.957739 seconds.
  path: Assets/Settings/ForwardRenderer.asset
  artifactKey: Guid(4a8e21d5c33334b11b34a596161b9360) Importer(815301076,1909f56bfc062723c751e8b465ee728b)
Start importing Assets/Settings/ForwardRenderer.asset using Guid(4a8e21d5c33334b11b34a596161b9360) Importer(815301076,1909f56bfc062723c751e8b465ee728b)  -> (artifact id: '63cf95242464b0f1307a08bc2392aaaa') in 0.029357 seconds 
========================================================================
Received Import Request.
  Time since last request: 0.000368 seconds.
  path: Assets/Settings/SampleSceneProfile.asset
  artifactKey: Guid(10fc4df2da32a41aaa32d77bc913491c) Importer(815301076,1909f56bfc062723c751e8b465ee728b)
Start importing Assets/Settings/SampleSceneProfile.asset using Guid(10fc4df2da32a41aaa32d77bc913491c) Importer(815301076,1909f56bfc062723c751e8b465ee728b)  -> (artifact id: 'd2b3f476ab718b1cf20d183dd9addfe7') in 0.012880 seconds 
========================================================================
Received Import Request.
  Time since last request: 0.000376 seconds.
  path: Assets/Settings/UniversalRP-LowQuality.asset
  artifactKey: Guid(a31e9f9f9c9d4b9429ed0d1234e22103) Importer(815301076,1909f56bfc062723c751e8b465ee728b)
Start importing Assets/Settings/UniversalRP-LowQuality.asset using Guid(a31e9f9f9c9d4b9429ed0d1234e22103) Importer(815301076,1909f56bfc062723c751e8b465ee728b)  -> (artifact id: 'b226a0bb157262eadf686f6bb5b5f1f8') in 0.015803 seconds 
========================================================================
Received Import Request.
  Time since last request: 0.000477 seconds.
  path: Assets/Settings/UniversalRP-MediumQuality.asset
  artifactKey: Guid(d847b876476d3d6468f5dfcd34266f96) Importer(815301076,1909f56bfc062723c751e8b465ee728b)
Start importing Assets/Settings/UniversalRP-MediumQuality.asset using Guid(d847b876476d3d6468f5dfcd34266f96) Importer(815301076,1909f56bfc062723c751e8b465ee728b)  -> (artifact id: 'd421f548a6507a11f25ec3578746e9c1') in 0.014112 seconds 
========================================================================
Received Import Request.
  Time since last request: 0.004076 seconds.
  path: Assets/Settings/UniversalRP-HighQuality.asset
  artifactKey: Guid(19ba41d7c0026c3459d37c2fe90c55a0) Importer(815301076,1909f56bfc062723c751e8b465ee728b)
Start importing Assets/Settings/UniversalRP-HighQuality.asset using Guid(19ba41d7c0026c3459d37c2fe90c55a0) Importer(815301076,1909f56bfc062723c751e8b465ee728b)  -> (artifact id: '02e18c1f933b70f494440bf5e7626866') in 0.021450 seconds 
========================================================================
Received Import Request.
  Time since last request: 12.881125 seconds.
  path: Assets/3d
  artifactKey: Guid(b25e0406a86514f49a42f4824983d6ce) Importer(815301076,1909f56bfc062723c751e8b465ee728b)
Start importing Assets/3d using Guid(b25e0406a86514f49a42f4824983d6ce) Importer(815301076,1909f56bfc062723c751e8b465ee728b)  -> (artifact id: 'c95c6547af33991811609f0b3710f0fb') in 0.002436 seconds 
========================================================================
Received Import Request.
  Time since last request: 2.246737 seconds.
  path: Assets/3D
  artifactKey: Guid(b25e0406a86514f49a42f4824983d6ce) Importer(815301076,1909f56bfc062723c751e8b465ee728b)
Start importing Assets/3D using Guid(b25e0406a86514f49a42f4824983d6ce) Importer(815301076,1909f56bfc062723c751e8b465ee728b)  -> (artifact id: 'd78803b91db68ce4498d29bb6d996df0') in 0.002724 seconds 
========================================================================
Received Import Request.
  Time since last request: 6.176493 seconds.
  path: Assets/Materiais
  artifactKey: Guid(920fa053f3ff4457dbd06435fbaec222) Importer(815301076,1909f56bfc062723c751e8b465ee728b)
Start importing Assets/Materiais using Guid(920fa053f3ff4457dbd06435fbaec222) Importer(815301076,1909f56bfc062723c751e8b465ee728b)  -> (artifact id: '3acf27e340a74a96db52c182937ed954') in 0.005653 seconds 
========================================================================
Received Import Request.
  Time since last request: 5.036560 seconds.
  path: Assets/Texturas
  artifactKey: Guid(7de3cf7e3b5204c6d9b7c9f9134b58f6) Importer(815301076,1909f56bfc062723c751e8b465ee728b)
Start importing Assets/Texturas using Guid(7de3cf7e3b5204c6d9b7c9f9134b58f6) Importer(815301076,1909f56bfc062723c751e8b465ee728b)  -> (artifact id: '9d0d3d4e2b63db1e4fdb0df09330774a') in 0.004561 seconds 
========================================================================
Received Import Request.
  Time since last request: 6.189317 seconds.
  path: Assets/Cena
  artifactKey: Guid(6492fae258d3f4e309039a279e62ca03) Importer(815301076,1909f56bfc062723c751e8b465ee728b)
Start importing Assets/Cena using Guid(6492fae258d3f4e309039a279e62ca03) Importer(815301076,1909f56bfc062723c751e8b465ee728b)  -> (artifact id: 'caa0a76ce296032732294dfd2f691133') in 0.007471 seconds 
========================================================================
Received Import Request.
  Time since last request: 5.800393 seconds.
  path: Assets/Sons
  artifactKey: Guid(2ba33962786ec418fa655548888ea903) Importer(815301076,1909f56bfc062723c751e8b465ee728b)
Start importing Assets/Sons using Guid(2ba33962786ec418fa655548888ea903) Importer(815301076,1909f56bfc062723c751e8b465ee728b)  -> (artifact id: '1c65083eeb3d7da84fd254e8dbb4164d') in 0.008890 seconds 
========================================================================
Received Import Request.
  Time since last request: 5.506826 seconds.
  path: Assets/Scripts
  artifactKey: Guid(02a3527b6b33a924e8ec66aa805ea717) Importer(815301076,1909f56bfc062723c751e8b465ee728b)
Start importing Assets/Scripts using Guid(02a3527b6b33a924e8ec66aa805ea717) Importer(815301076,1909f56bfc062723c751e8b465ee728b)  -> (artifact id: 'f0a913a0049096cde5d6a727232f232f') in 0.009918 seconds 
========================================================================
Received Import Request.
  Time since last request: 6.402331 seconds.
  path: Assets/Prefabs
  artifactKey: Guid(0f68f5828c9b3451d89099f5b4fddc41) Importer(815301076,1909f56bfc062723c751e8b465ee728b)
Start importing Assets/Prefabs using Guid(0f68f5828c9b3451d89099f5b4fddc41) Importer(815301076,1909f56bfc062723c751e8b465ee728b)  -> (artifact id: 'afa0759cea023b3af7e53143834aa965') in 0.010236 seconds 
========================================================================
Received Import Request.
  Time since last request: 4.972692 seconds.
  path: Assets/Animacao
  artifactKey: Guid(db50850392ff145369e5b2c2c9583713) Importer(815301076,1909f56bfc062723c751e8b465ee728b)
Start importing Assets/Animacao using Guid(db50850392ff145369e5b2c2c9583713) Importer(815301076,1909f56bfc062723c751e8b465ee728b)  -> (artifact id: 'a72dfaca83af37a5511b324fc54e9b6c') in 0.008060 seconds 
========================================================================
Received Import Request.
  Time since last request: 70.910178 seconds.
  path: Assets/3D/cenario.fbx
  artifactKey: Guid(f05edfbc51bb543fcacc599c364818a0) Importer(815301076,1909f56bfc062723c751e8b465ee728b)
Start importing Assets/3D/cenario.fbx using Guid(f05edfbc51bb543fcacc599c364818a0) Importer(815301076,1909f56bfc062723c751e8b465ee728b)  -> (artifact id: '3040d68a424b8fa9eb1f7c4cdfd0368a') in 5.276313 seconds 
========================================================================
Received Import Request.
  Time since last request: 25.606994 seconds.
  path: Assets/3D/cenario.fbx
  artifactKey: Guid(f05edfbc51bb543fcacc599c364818a0) Importer(815301076,1909f56bfc062723c751e8b465ee728b)
Start importing Assets/3D/cenario.fbx using Guid(f05edfbc51bb543fcacc599c364818a0) Importer(815301076,1909f56bfc062723c751e8b465ee728b)  -> (artifact id: '9d350af40aec3875ec4353b94d832d77') in 2.323860 seconds 
========================================================================
Received Import Request.
  Time since last request: 7.829531 seconds.
  path: Assets/3D/cenario.fbx
  artifactKey: Guid(f05edfbc51bb543fcacc599c364818a0) Importer(815301076,1909f56bfc062723c751e8b465ee728b)
Start importing Assets/3D/cenario.fbx using Guid(f05edfbc51bb543fcacc599c364818a0) Importer(815301076,1909f56bfc062723c751e8b465ee728b)  -> (artifact id: 'c5fc76c9631f24a31ff4a70096b62af7') in 2.134898 seconds 
========================================================================
Received Import Request.
  Time since last request: 62.887338 seconds.
  path: Assets/Materiais/coluna_grega_aiStandardSurface1.mat
  artifactKey: Guid(743444140ee62415698069a19695a10d) Importer(815301076,1909f56bfc062723c751e8b465ee728b)
Start importing Assets/Materiais/coluna_grega_aiStandardSurface1.mat using Guid(743444140ee62415698069a19695a10d) Importer(815301076,1909f56bfc062723c751e8b465ee728b)  -> (artifact id: 'acfcc2442ae321be0ee5099455ee9c4a') in 0.040300 seconds 
========================================================================
Received Import Request.
  Time since last request: 0.000469 seconds.
  path: Assets/Materiais/lambert1.mat
  artifactKey: Guid(403f4af90a54d4809b5f3b62782b939b) Importer(815301076,1909f56bfc062723c751e8b465ee728b)
Start importing Assets/Materiais/lambert1.mat using Guid(403f4af90a54d4809b5f3b62782b939b) Importer(815301076,1909f56bfc062723c751e8b465ee728b)  -> (artifact id: '07d78c1e3020762cdc1456748293267c') in 0.026322 seconds 
========================================================================
Received Import Request.
  Time since last request: 0.000662 seconds.
  path: Assets/Materiais/terra.mat
  artifactKey: Guid(e562d8e76baeb4c4cac1ad88eb47b337) Importer(815301076,1909f56bfc062723c751e8b465ee728b)
Start importing Assets/Materiais/terra.mat using Guid(e562d8e76baeb4c4cac1ad88eb47b337) Importer(815301076,1909f56bfc062723c751e8b465ee728b)  -> (artifact id: '65e1cc437fa62f554ce863cf1df6b360') in 0.060600 seconds 
========================================================================
Received Prepare
Registering precompiled user dll's ...
Registered in 0.003768 seconds.
Begin MonoManager ReloadAssembly
Native extension for OSXStandalone target not found
Native extension for WebGL target not found
Refreshing native plugins compatible for Editor in 76.94 ms, found 2 plugins.
Preloading 0 native plugins for Editor in 0.00 ms.
Mono: successfully reloaded assembly
- Completed reload, in  2.318 seconds
Domain Reload Profiling:
	ReloadAssembly (2319ms)
		BeginReloadAssembly (323ms)
			ExecutionOrderSort (0ms)
			DisableScriptedObjects (10ms)
			BackupInstance (0ms)
			ReleaseScriptingObjects (0ms)
			CreateAndSetChildDomain (132ms)
		EndReloadAssembly (1895ms)
			LoadAssemblies (271ms)
			RebuildTransferFunctionScriptingTraits (0ms)
			SetupTypeCache (629ms)
			ReleaseScriptCaches (2ms)
			RebuildScriptCaches (83ms)
			SetupLoadedEditorAssemblies (622ms)
				LogAssemblyErrors (0ms)
				InitializePlatformSupportModulesInManaged (6ms)
				SetLoadedEditorAssemblies (0ms)
				RefreshPlugins (77ms)
				BeforeProcessingInitializeOnLoad (195ms)
				ProcessInitializeOnLoadAttributes (320ms)
				ProcessInitializeOnLoadMethodAttributes (21ms)
				AfterProcessingInitializeOnLoad (2ms)
				EditorAssembliesLoaded (0ms)
			ExecutionOrderSort2 (0ms)
			AwakeInstancesAfterBackupRestoration (27ms)
Platform modules already initialized, skipping
Refreshing native plugins compatible for Editor in 1.15 ms, found 2 plugins.
Preloading 0 native plugins for Editor in 0.00 ms.
Unloading 3228 Unused Serialized files (Serialized files now loaded: 0)
System memory in use before: 284.3 MB.
System memory in use after: 284.5 MB.

Unloading 18 unused Assets to reduce memory usage. Loaded Objects now: 3936.
Total: 5.590241 ms (FindLiveObjects: 0.541160 ms CreateObjectMapping: 0.257662 ms MarkObjects: 4.632724 ms  DeleteObjects: 0.157120 ms)

AssetImportParameters requested are different than current active one (requested -> active):
  custom:video-decoder-ogg-theora: a1e56fd34408186e4bbccfd4996cb3dc -> 
  custom:container-muxer-webm: aa71ff27fc2769a1b78a27578f13a17b -> 
  custom:container-demuxer-webm: 4f35f7cbe854078d1ac9338744f61a02 -> 
  custom:container-demuxer-ogg: 62fdf1f143b41e24485cea50d1cbac27 -> 
  custom:video-encoder-webm-vp8: eb34c28f22e8b96e1ab97ce403110664 -> 
  custom:framework-osx-AVFoundation: e770b220cccbd017edd2c1fefb359320 -> 
  custom:video-decoder-webm-vp8: 9c59270c3fd7afecdb556c50c9e8de78 -> 
  custom:audio-decoder-ogg-vorbis: bf7c407c2cedff20999df2af8eb42d56 -> 
  custom:audio-encoder-webm-vorbis: bf7c407c2cedff20999df2af8eb42d56 -> 
========================================================================
Received Import Request.
  Time since last request: 151.125196 seconds.
  path: Assets/Animacao/Fogo.vfx
  artifactKey: Guid(3d775b346c44f4905a38dfb0d23fdbeb) Importer(815301076,1909f56bfc062723c751e8b465ee728b)
Start importing Assets/Animacao/Fogo.vfx using Guid(3d775b346c44f4905a38dfb0d23fdbeb) Importer(815301076,1909f56bfc062723c751e8b465ee728b)  -> (artifact id: 'e814558fac4d15e965031dd74287ebec') in 0.336884 seconds 
========================================================================
Received Import Request.
  Time since last request: 140.353679 seconds.
  path: Assets/Animacao/Fogo.vfx
  artifactKey: Guid(3d775b346c44f4905a38dfb0d23fdbeb) Importer(815301076,1909f56bfc062723c751e8b465ee728b)
Start importing Assets/Animacao/Fogo.vfx using Guid(3d775b346c44f4905a38dfb0d23fdbeb) Importer(815301076,1909f56bfc062723c751e8b465ee728b)  -> (artifact id: '7f93e5d0b1b984d7b6c660fedbdab702') in 0.016474 seconds 
========================================================================
Received Import Request.
  Time since last request: 41.528830 seconds.
  path: Assets/Animacao/Fogo.vfx
  artifactKey: Guid(3d775b346c44f4905a38dfb0d23fdbeb) Importer(815301076,1909f56bfc062723c751e8b465ee728b)
Start importing Assets/Animacao/Fogo.vfx using Guid(3d775b346c44f4905a38dfb0d23fdbeb) Importer(815301076,1909f56bfc062723c751e8b465ee728b)  -> (artifact id: '22bbee2d44340d9ce399c22071cecc3f') in 0.021902 seconds 
========================================================================
Received Import Request.
  Time since last request: 29.137332 seconds.
  path: Assets/Animacao/Fogo.vfx
  artifactKey: Guid(3d775b346c44f4905a38dfb0d23fdbeb) Importer(815301076,1909f56bfc062723c751e8b465ee728b)
Start importing Assets/Animacao/Fogo.vfx using Guid(3d775b346c44f4905a38dfb0d23fdbeb) Importer(815301076,1909f56bfc062723c751e8b465ee728b)  -> (artifact id: 'f26aa3a49f9b0b8956112bc3db77e0e9') in 0.028928 seconds 
========================================================================
Received Import Request.
  Time since last request: 6.612224 seconds.
  path: Assets/Animacao/Fogo.vfx
  artifactKey: Guid(3d775b346c44f4905a38dfb0d23fdbeb) Importer(815301076,1909f56bfc062723c751e8b465ee728b)
Start importing Assets/Animacao/Fogo.vfx using Guid(3d775b346c44f4905a38dfb0d23fdbeb) Importer(815301076,1909f56bfc062723c751e8b465ee728b)  -> (artifact id: 'a0a5db3a9b565af3678af2a9bac89105') in 0.018642 seconds 
========================================================================
Received Import Request.
  Time since last request: 11.879038 seconds.
  path: Packages/com.unity.visualeffectgraph/Textures/DefaultParticle.tga
  artifactKey: Guid(276d9e395ae18fe40a9b4988549f2349) Importer(815301076,1909f56bfc062723c751e8b465ee728b)
Start importing Packages/com.unity.visualeffectgraph/Textures/DefaultParticle.tga using Guid(276d9e395ae18fe40a9b4988549f2349) Importer(815301076,1909f56bfc062723c751e8b465ee728b)  -> (artifact id: '429c3ec808b61605da0af667a9830302') in 1.899015 seconds 
========================================================================
Received Import Request.
  Time since last request: 0.000478 seconds.
  path: Packages/com.unity.visualeffectgraph/Textures/SignedDistanceField.asset
  artifactKey: Guid(5c2949c31aafddd4e8011ffdebb8fdf7) Importer(815301076,1909f56bfc062723c751e8b465ee728b)
Start importing Packages/com.unity.visualeffectgraph/Textures/SignedDistanceField.asset using Guid(5c2949c31aafddd4e8011ffdebb8fdf7) Importer(815301076,1909f56bfc062723c751e8b465ee728b)  -> (artifact id: '84b2e6edc8f4cf268c25df395bedcbb8') in 0.172711 seconds 
========================================================================
Received Import Request.
  Time since last request: 0.000407 seconds.
  path: Packages/com.unity.visualeffectgraph/Textures/Sphere.tga
  artifactKey: Guid(d01d8874889eebc4ab0cde7f2b3309de) Importer(815301076,1909f56bfc062723c751e8b465ee728b)
Start importing Packages/com.unity.visualeffectgraph/Textures/Sphere.tga using Guid(d01d8874889eebc4ab0cde7f2b3309de) Importer(815301076,1909f56bfc062723c751e8b465ee728b)  -> (artifact id: '5010fcb3fd26cf6ba13aa0bded38d2d5') in 0.017971 seconds 
========================================================================
Received Import Request.
  Time since last request: 0.000739 seconds.
  path: Packages/com.unity.visualeffectgraph/Textures/Sparkle.tga
  artifactKey: Guid(49cb5aa34272b034d8b754c65d9cdbfa) Importer(815301076,1909f56bfc062723c751e8b465ee728b)
Start importing Packages/com.unity.visualeffectgraph/Textures/Sparkle.tga using Guid(49cb5aa34272b034d8b754c65d9cdbfa) Importer(815301076,1909f56bfc062723c751e8b465ee728b)  -> (artifact id: '14bb58002fae14e2f7fb94bfa00365d8') in 0.017179 seconds 
========================================================================
Received Import Request.
  Time since last request: 0.001321 seconds.
  path: Packages/com.unity.visualeffectgraph/Textures/vectorfield.asset
  artifactKey: Guid(08937e3134903c5488be506a2dac71e9) Importer(815301076,1909f56bfc062723c751e8b465ee728b)
Start importing Packages/com.unity.visualeffectgraph/Textures/vectorfield.asset using Guid(08937e3134903c5488be506a2dac71e9) Importer(815301076,1909f56bfc062723c751e8b465ee728b)  -> (artifact id: '215daba2b13984315feff3de4917564f') in 0.067618 seconds 
========================================================================
Received Import Request.
  Time since last request: 0.000601 seconds.
  path: Packages/com.unity.visualeffectgraph/Textures/Noise.tga
  artifactKey: Guid(1d8481de16af723418a688958c41224b) Importer(815301076,1909f56bfc062723c751e8b465ee728b)
Start importing Packages/com.unity.visualeffectgraph/Textures/Noise.tga using Guid(1d8481de16af723418a688958c41224b) Importer(815301076,1909f56bfc062723c751e8b465ee728b)  -> (artifact id: 'b4ae91630091ad62bc0952038446d6fa') in 0.018790 seconds 
========================================================================
Received Import Request.
  Time since last request: 0.000805 seconds.
  path: Packages/com.unity.visualeffectgraph/Textures/SimpleSmoke.tga
  artifactKey: Guid(de0fae515169ff246a20d58a8a440ed0) Importer(815301076,1909f56bfc062723c751e8b465ee728b)
Start importing Packages/com.unity.visualeffectgraph/Textures/SimpleSmoke.tga using Guid(de0fae515169ff246a20d58a8a440ed0) Importer(815301076,1909f56bfc062723c751e8b465ee728b)  -> (artifact id: '22c6671063231bac0ccf217420a2d5a2') in 0.019681 seconds 
========================================================================
Received Import Request.
  Time since last request: 23.409829 seconds.
  path: Packages/com.unity.visualeffectgraph/package.json
  artifactKey: Guid(6f8f5c087a5cb4bd19c1e4898d57e453) Importer(815301076,1909f56bfc062723c751e8b465ee728b)
Start importing Packages/com.unity.visualeffectgraph/package.json using Guid(6f8f5c087a5cb4bd19c1e4898d57e453) Importer(815301076,1909f56bfc062723c751e8b465ee728b)  -> (artifact id: '2b092b4042b8b676949f8a97c0242662') in 5.628168 seconds 
========================================================================
Received Import Request.
  Time since last request: 0.000375 seconds.
  path: Packages/com.unity.visualeffectgraph/Unity.VisualEffectGraph.Runtime.asmdef
  artifactKey: Guid(d04eb9c554ad44ceab303cecf0c0cf82) Importer(815301076,1909f56bfc062723c751e8b465ee728b)
Start importing Packages/com.unity.visualeffectgraph/Unity.VisualEffectGraph.Runtime.asmdef using Guid(d04eb9c554ad44ceab303cecf0c0cf82) Importer(815301076,1909f56bfc062723c751e8b465ee728b)  -> (artifact id: '63a8c0d09fc23750b5776531514b766b') in 0.595129 seconds 
========================================================================
Received Import Request.
  Time since last request: 7.624847 seconds.
  path: Assets/Animacao/Fogo.vfx
  artifactKey: Guid(3d775b346c44f4905a38dfb0d23fdbeb) Importer(815301076,1909f56bfc062723c751e8b465ee728b)
Start importing Assets/Animacao/Fogo.vfx using Guid(3d775b346c44f4905a38dfb0d23fdbeb) Importer(815301076,1909f56bfc062723c751e8b465ee728b)  -> (artifact id: '0ad2cd4f34bdf4a405c513e21c4b8952') in 0.012336 seconds 
========================================================================
Received Import Request.
  Time since last request: 5.006500 seconds.
  path: Assets/Animacao/Fogo.vfx
  artifactKey: Guid(3d775b346c44f4905a38dfb0d23fdbeb) Importer(815301076,1909f56bfc062723c751e8b465ee728b)
Start importing Assets/Animacao/Fogo.vfx using Guid(3d775b346c44f4905a38dfb0d23fdbeb) Importer(815301076,1909f56bfc062723c751e8b465ee728b)  -> (artifact id: 'c13d781bba3f82129fe9237651e3a253') in 0.015498 seconds 
========================================================================
Received Import Request.
  Time since last request: 3.915641 seconds.
  path: Assets/Animacao/Fogo.vfx
  artifactKey: Guid(3d775b346c44f4905a38dfb0d23fdbeb) Importer(815301076,1909f56bfc062723c751e8b465ee728b)
Start importing Assets/Animacao/Fogo.vfx using Guid(3d775b346c44f4905a38dfb0d23fdbeb) Importer(815301076,1909f56bfc062723c751e8b465ee728b)  -> (artifact id: '53c234a8a47abc3b7fc460064f5a1491') in 0.010796 seconds 
========================================================================
Received Import Request.
  Time since last request: 3.695488 seconds.
  path: Assets/Animacao/Fogo.vfx
  artifactKey: Guid(3d775b346c44f4905a38dfb0d23fdbeb) Importer(815301076,1909f56bfc062723c751e8b465ee728b)
Start importing Assets/Animacao/Fogo.vfx using Guid(3d775b346c44f4905a38dfb0d23fdbeb) Importer(815301076,1909f56bfc062723c751e8b465ee728b)  -> (artifact id: '3d29c2c7d12e9a569f657f3b6223ae74') in 0.016550 seconds 
========================================================================
Received Import Request.
  Time since last request: 2.748340 seconds.
  path: Assets/Animacao/Fogo.vfx
  artifactKey: Guid(3d775b346c44f4905a38dfb0d23fdbeb) Importer(815301076,1909f56bfc062723c751e8b465ee728b)
Start importing Assets/Animacao/Fogo.vfx using Guid(3d775b346c44f4905a38dfb0d23fdbeb) Importer(815301076,1909f56bfc062723c751e8b465ee728b)  -> (artifact id: 'd16d8ffa6df8238e86ad56644140c53f') in 0.006500 seconds 
========================================================================
Received Import Request.
  Time since last request: 148.023230 seconds.
  path: Assets/Animacao/Fogo.vfx
  artifactKey: Guid(3d775b346c44f4905a38dfb0d23fdbeb) Importer(815301076,1909f56bfc062723c751e8b465ee728b)
Start importing Assets/Animacao/Fogo.vfx using Guid(3d775b346c44f4905a38dfb0d23fdbeb) Importer(815301076,1909f56bfc062723c751e8b465ee728b)  -> (artifact id: '26cb653e5b98e8a95204b0c93f7dbe2b') in 0.012501 seconds 
========================================================================
Received Import Request.
  Time since last request: 138.153329 seconds.
  path: Assets/Animacao/Fogo_pira.vfx
  artifactKey: Guid(3d775b346c44f4905a38dfb0d23fdbeb) Importer(815301076,1909f56bfc062723c751e8b465ee728b)
Start importing Assets/Animacao/Fogo_pira.vfx using Guid(3d775b346c44f4905a38dfb0d23fdbeb) Importer(815301076,1909f56bfc062723c751e8b465ee728b)  -> (artifact id: '022cee7da7b1f30fdf20273087ad49d6') in 0.017689 seconds 
========================================================================
Received Import Request.
  Time since last request: 61.970148 seconds.
  path: Assets/Animacao/Fogo_pira.vfx
  artifactKey: Guid(3d775b346c44f4905a38dfb0d23fdbeb) Importer(815301076,1909f56bfc062723c751e8b465ee728b)
Start importing Assets/Animacao/Fogo_pira.vfx using Guid(3d775b346c44f4905a38dfb0d23fdbeb) Importer(815301076,1909f56bfc062723c751e8b465ee728b)  -> (artifact id: 'd990523747bde5870124767dac1fa026') in 0.004977 seconds 
========================================================================
Received Import Request.
  Time since last request: 178.374701 seconds.
  path: Packages/com.unity.render-pipelines.universal/Runtime/Materials/ParticlesUnlit.mat
  artifactKey: Guid(e823cd5b5d27c0f4b8256e7c12ee3e6d) Importer(815301076,1909f56bfc062723c751e8b465ee728b)
Start importing Packages/com.unity.render-pipelines.universal/Runtime/Materials/ParticlesUnlit.mat using Guid(e823cd5b5d27c0f4b8256e7c12ee3e6d) Importer(815301076,1909f56bfc062723c751e8b465ee728b)  -> (artifact id: 'a6d3bac30e0c3da08768836858914317') in 0.826205 seconds 
========================================================================
Received Import Request.
  Time since last request: 204.497766 seconds.
  path: Assets/Texturas/ChalkStone_texture.jpg
  artifactKey: Guid(61d8cfdac4f694c22836cee719988791) Importer(815301076,1909f56bfc062723c751e8b465ee728b)
Start importing Assets/Texturas/ChalkStone_texture.jpg using Guid(61d8cfdac4f694c22836cee719988791) Importer(815301076,1909f56bfc062723c751e8b465ee728b)  -> (artifact id: '0e7a9fb51477eae8ebf09f9da9db8f49') in 2.629887 seconds 
========================================================================
Received Import Request.
  Time since last request: 0.000813 seconds.
  path: Assets/Texturas/coast_sand_rocks_02_rough_2k.exr
  artifactKey: Guid(7962ad89fd74d41e496564a69b6d1489) Importer(815301076,1909f56bfc062723c751e8b465ee728b)
Start importing Assets/Texturas/coast_sand_rocks_02_rough_2k.exr using Guid(7962ad89fd74d41e496564a69b6d1489) Importer(815301076,1909f56bfc062723c751e8b465ee728b)  -> (artifact id: '60fde168f0a2859365d2403cd9942803') in 1.447409 seconds 
========================================================================
Received Import Request.
  Time since last request: 0.000594 seconds.
  path: Assets/Texturas/coast_sand_rocks_02_diff_2k.jpg
  artifactKey: Guid(d79d1d72d5f0946dd9081fcfac2c8f34) Importer(815301076,1909f56bfc062723c751e8b465ee728b)
Start importing Assets/Texturas/coast_sand_rocks_02_diff_2k.jpg using Guid(d79d1d72d5f0946dd9081fcfac2c8f34) Importer(815301076,1909f56bfc062723c751e8b465ee728b)  -> (artifact id: '77c397bc952acbfdccfc00f6eb867271') in 0.032905 seconds 
========================================================================
Received Import Request.
  Time since last request: 0.000451 seconds.
  path: Assets/Texturas/coast_sand_rocks_02_disp_2k.png
  artifactKey: Guid(2e236a6512ba0478a93ea43b3eb33bb1) Importer(815301076,1909f56bfc062723c751e8b465ee728b)
Start importing Assets/Texturas/coast_sand_rocks_02_disp_2k.png using Guid(2e236a6512ba0478a93ea43b3eb33bb1) Importer(815301076,1909f56bfc062723c751e8b465ee728b)  -> (artifact id: '0fbe2a096337b9b77fee3c0dbf41d40d') in 1.216612 seconds 
========================================================================
Received Import Request.
  Time since last request: 3.893853 seconds.
  path: Assets/Materiais/kisspng-kindle-fire-clip-art-firewall-5b3093293afec7.2412636715299100572417.png
  artifactKey: Guid(e6482ec79a759465987d324b4935b477) Importer(815301076,1909f56bfc062723c751e8b465ee728b)
Start importing Assets/Materiais/kisspng-kindle-fire-clip-art-firewall-5b3093293afec7.2412636715299100572417.png using Guid(e6482ec79a759465987d324b4935b477) Importer(815301076,1909f56bfc062723c751e8b465ee728b)  -> (artifact id: '91cce68d00ae85058c4f93f98c8e321e') in 0.075438 seconds 
========================================================================
Received Import Request.
  Time since last request: 27.228345 seconds.
  path: Assets/Materiais/fire.mat
  artifactKey: Guid(dd1ad0d9941cf40ffb6ccfbf108e90a5) Importer(815301076,1909f56bfc062723c751e8b465ee728b)
Start importing Assets/Materiais/fire.mat using Guid(dd1ad0d9941cf40ffb6ccfbf108e90a5) Importer(815301076,1909f56bfc062723c751e8b465ee728b)  -> (artifact id: '88570b875d4d8fce6c511004ab473eed') in 0.059314 seconds 
========================================================================
Received Import Request.
  Time since last request: 300.577887 seconds.
  path: Assets/Animacao/Fogo_pira.vfx
  artifactKey: Guid(3d775b346c44f4905a38dfb0d23fdbeb) Importer(815301076,1909f56bfc062723c751e8b465ee728b)
Start importing Assets/Animacao/Fogo_pira.vfx using Guid(3d775b346c44f4905a38dfb0d23fdbeb) Importer(815301076,1909f56bfc062723c751e8b465ee728b)  -> (artifact id: '8fe8ebb0e032169b0a678abfc738b426') in 0.015722 seconds 
========================================================================
Received Import Request.
  Time since last request: 116.579420 seconds.
  path: Assets/Animacao/Fogo_pira.vfx
  artifactKey: Guid(3d775b346c44f4905a38dfb0d23fdbeb) Importer(815301076,1909f56bfc062723c751e8b465ee728b)
Start importing Assets/Animacao/Fogo_pira.vfx using Guid(3d775b346c44f4905a38dfb0d23fdbeb) Importer(815301076,1909f56bfc062723c751e8b465ee728b)  -> (artifact id: '41e635dd1257d57eaf705082d54ab7a5') in 0.024149 seconds 
========================================================================
Received Import Request.
  Time since last request: 9.889031 seconds.
  path: Assets/Animacao/Fogo_pira.vfx
  artifactKey: Guid(3d775b346c44f4905a38dfb0d23fdbeb) Importer(815301076,1909f56bfc062723c751e8b465ee728b)
Start importing Assets/Animacao/Fogo_pira.vfx using Guid(3d775b346c44f4905a38dfb0d23fdbeb) Importer(815301076,1909f56bfc062723c751e8b465ee728b)  -> (artifact id: '101d00bb76d17a5f2fb8bc5a57db1354') in 0.011079 seconds 
========================================================================
Received Import Request.
  Time since last request: 128.699500 seconds.
  path: Assets/Animacao/Fogo_pira.vfx
  artifactKey: Guid(3d775b346c44f4905a38dfb0d23fdbeb) Importer(815301076,1909f56bfc062723c751e8b465ee728b)
Start importing Assets/Animacao/Fogo_pira.vfx using Guid(3d775b346c44f4905a38dfb0d23fdbeb) Importer(815301076,1909f56bfc062723c751e8b465ee728b)  -> (artifact id: '941941ba23fd8d6793f5d47a21d75b9c') in 0.015309 seconds 
========================================================================
Received Import Request.
  Time since last request: 921.141800 seconds.
  path: Assets/Animacao/Fogo_pira.vfx
  artifactKey: Guid(3d775b346c44f4905a38dfb0d23fdbeb) Importer(815301076,1909f56bfc062723c751e8b465ee728b)
Start importing Assets/Animacao/Fogo_pira.vfx using Guid(3d775b346c44f4905a38dfb0d23fdbeb) Importer(815301076,1909f56bfc062723c751e8b465ee728b)  -> (artifact id: 'c9c871775c8a2f26d16e000e5c3618fa') in 0.022916 seconds 
AssetImportWorkerClient::OnTransportError - code=2 error=End of file
